Installing dnf package: rclone...
Package "rclone-1.71.0-1.fc42.x86_64" is already installed.

Nothing to do.
Installing dnf package: syncthing...
Package "syncthing-1.30.0-1.fc42.x86_64" is already installed.

Nothing to do.
Installing dnf package: shfmt...
Package "shfmt-3.7.0-5.fc41.x86_64" is already installed.

Nothing to do.
Installing dnf package: shellcheck...
Package "ShellCheck-0.10.0-4.fc42.x86_64" is already installed.

Nothing to do.
Installing dnf package: nodejs-bash-language-server...
Package "nodejs-bash-language-server-5.6.0-2.fc42.noarch" is already installed.

Nothing to do.
Installing dnf package: nvtop...
Package "nvtop-3.2.0-3.fc42.x86_64" is already installed.

Nothing to do.
Installing dnf package: htop...
Package "htop-3.4.1-1.fc42.x86_64" is already installed.

Nothing to do.
Installing dnf package: cbonsai...
Package "cbonsai-1.3.1-8.fc42.x86_64" is already installed.

Nothing to do.
Installing dnf package: piper...
Package "piper-0.8-9.fc42.noarch" is already installed.

Nothing to do.
Installing dnf package: tealdeer...
Package "tealdeer-1.7.2-1.fc42.x86_64" is already installed.

Nothing to do.
Installing dnf package: clamav...
Package "clamav-1.4.3-1.fc42.x86_64" is already installed.

Nothing to do.
Installing dnf package: clamav-freshclam...
Package "clamav-freshclam-1.4.3-1.fc42.x86_64" is already installed.

Nothing to do.
Installing dnf package: psutils...
Package "psutils-2.10-8.fc42.noarch" is already installed.

Nothing to do.
Installing dnf package: toilet...
Package "toilet-0.3-18.fc42.x86_64" is already installed.

Nothing to do.
Installing dnf package: figlet...
Package "figlet-2.2.5-31.20151018gita565ae1.fc42.x86_64" is already installed.

Nothing to do.
Installing dnf package: lolcat...
Package "lolcat-1.5-3.fc42.x86_64" is already installed.

Nothing to do.
Installing dnf package: cowsay...
Package "cowsay-3.8.4-2.fc42.noarch" is already installed.

Nothing to do.
Installing dnf package: xcowsay...
Package "xcowsay-1.6-8.fc42.x86_64" is already installed.

Nothing to do.
Installing dnf package: love...
Package "love-11.5-5.fc42.x86_64" is already installed.

Nothing to do.
 _________________________
< dnf packages installed! >
 -------------------------
\                             .       .
 \                           / `.   .' " 
  \                  .---.  <    > <    >  .---.
   \                 |    \  \ - ~ ~ - /  /    |
         _____          ..-~             ~-..-~
        |     |   \~~~\.'                    `./~~~/
       ---------   \__/                        \__/
      .'  O    \     /               /       \  " 
     (_____,    `._.'               |         }  \/~~~/
      `----.          /       }     |        /    \__/
            `-.      |       /      |       /      `. ,~~|
                ~-.__|      /_ - ~ ^|      /- _      `..-'   
                     |     /        |     /     ~-.     `-. _  _  _
                     |_____|        |_____|         ~ - . _ _ _ _ _>
Installing flatpak: md.obsidian.Obsidian...
Looking for matches…
error: Unable to load summary from remote flathub: GPG verification enabled, but no summary found (check that the configured URL in remote config is correct)
Warning: Issue with md.obsidian.Obsidian (possibly already installed), continuing...
Installing flatpak: com.super_productivity.SuperProductivity...
Looking for matches…
error: Unable to load summary from remote flathub: GPG verification enabled, but no summary found (check that the configured URL in remote config is correct)
Warning: Issue with com.super_productivity.SuperProductivity (possibly already installed), continuing...
Installing flatpak: io.github.nokse22.asciidraw...
Looking for matches…
error: Unable to load summary from remote flathub: GPG verification enabled, but no summary found (check that the configured URL in remote config is correct)
Warning: Issue with io.github.nokse22.asciidraw (possibly already installed), continuing...
Installing flatpak: org.videolan.VLC...
Looking for matches…
error: Unable to load summary from remote flathub: GPG verification enabled, but no summary found (check that the configured URL in remote config is correct)
Warning: Issue with org.videolan.VLC (possibly already installed), continuing...
Installing flatpak: org.kde.krita...
Looking for matches…
error: Unable to load summary from remote flathub: GPG verification enabled, but no summary found (check that the configured URL in remote config is correct)
Warning: Issue with org.kde.krita (possibly already installed), continuing...
Installing flatpak: org.godotengine.Godot...
Looking for matches…
error: Unable to load summary from remote flathub: GPG verification enabled, but no summary found (check that the configured URL in remote config is correct)
Warning: Issue with org.godotengine.Godot (possibly already installed), continuing...
Installing flatpak: org.libretro.RetroArch...
Looking for matches…
error: Unable to load summary from remote flathub: GPG verification enabled, but no summary found (check that the configured URL in remote config is correct)
Warning: Issue with org.libretro.RetroArch (possibly already installed), continuing...
Installing flatpak: eu.betterbird.Betterbird...
Looking for matches…
error: Unable to load summary from remote flathub: GPG verification enabled, but no summary found (check that the configured URL in remote config is correct)
Warning: Issue with eu.betterbird.Betterbird (possibly already installed), continuing...
Installing flatpak: org.bleachbit.BleachBit...
Looking for matches…
error: Unable to load summary from remote flathub: GPG verification enabled, but no summary found (check that the configured URL in remote config is correct)
Warning: Issue with org.bleachbit.BleachBit (possibly already installed), continuing...
Installing flatpak: com.jetpackduba.Gitnuro...
Looking for matches…
error: Unable to load summary from remote flathub: GPG verification enabled, but no summary found (check that the configured URL in remote config is correct)
Warning: Issue with com.jetpackduba.Gitnuro (possibly already installed), continuing...
 _____________________
< Flatpaks installed! >
 ---------------------
    \
     \
                                   .::!!!!!!!:.
  .!!!!!:.                        .:!!!!!!!!!!!!
  ~~~~!!!!!!.                 .:!!!!!!!!!UWWW$$$ 
      :$$NWX!!:           .:!!!!!!XUWW$$$$$$$$$P 
      $$$$$##WX!:      .<!!!!UW$$$$"  $$$$$$$$# 
      $$$$$  $$$UX   :!!UW$$$$$$$$$   4$$$$$* 
      ^$$$B  $$$$\     $$$$$$$$$$$$   d$$R" 
        "*$bd$$$$      '*$$$$$$$$$$$o+#" 
             """"          """"""" 
 ___________________________________
< Installing snap package: snapd... >
 -----------------------------------
                  \                ,-----.
                   \               |     |
                    \           ,--|     |-.
                         __,----|  |     | |
                       ,;::     |  `_____' |
                       `._______|    i^i   |
                                `----| |---'| .
                           ,-------._| |== ||//
                           |       |_|P`.  /'/
                           `-------' 'Y Y/'/'
                                     .==\ /_\
   ^__^                             /   /'|  `i
   (oo)\_______                   /'   /  |   |
   (__)\       )\/\             /'    /   |   `i
       ||----w |           ___,;`----'.___L_,-'`\__
       ||     ||          i_____;----\.____i""\____\
snap "snapd" is already installed, see 'snap help refresh'
 ______________________________________
< Installing snap package: marksman... >
 --------------------------------------
      \                    / \  //\
       \    |\___/|      /   \//  \\
            /0  0  \__  /    //  | \ \    
           /     /  \/_/    //   |  \  \  
           @_^_@'/   \/_   //    |   \   \ 
           //_^_/     \/_ //     |    \    \
        ( //) |        \///      |     \     \
      ( / /) _|_ /   )  //       |      \     _\
    ( // /) '/,_ _ _/  ( ; -.    |    _ _\.-~        .-~~~^-.
  (( / / )) ,-{        _      `-.|.-~-.           .~         `.
 (( // / ))  '/\      /                 ~-. _ .-~      .-~^-.  \
 (( /// ))      `.   {            }                   /      \  \
  (( / ))     .----~-.\        \-'                 .~         \  `. \^-.
             ///.----..>        \             _ -~             `.  ^-`  ^-_
               ///-._ _ _ _ _ _ _}^ - - - - ~                     ~-- ,.-~
                                                                  /.-~
snap "marksman" is already installed, see 'snap help refresh'
 _______________________________________
/ Snap packages installed. Installation \
\ complete!                             /
 ---------------------------------------
  \            .    .     .   
   \      .  . .     `  ,     
    \    .; .  : .' :  :  : . 
     \   i..`: i` i.i.,i  i . 
      \   `,--.|i |i|ii|ii|i: 
           UooU\.'@@@@@@`.||' 
           \__/(@@@@@@@@@@)'  
                (@@@@@@@@)    
                `YY~~~~YY'    
                 ||    ||     
 _____________________________
< Starting cleanup process... >
 -----------------------------
          \   ‘^----^‘
           \ (◕(‘人‘)◕)
              (  8    )        ô
              (    8  )_______( )
              ( 8      8        )
              (_________________)
                ||          ||
               (||         (||
 ________________________________________
/ Removing orphaned flatpak runtimes and \
\ extensions...                          /
 ----------------------------------------
     \
      \
       ("`-'  '-/") .___..--' ' "`-._
         ` *_ *  )    `-.   (      ) .`-.__. `)
         (_Y_.) ' ._   )   `._` ;  `` -. .-'
      _.. `--'_..-_/   /--' _ .' ,4
   ( i l ),-''  ( l i),'  ( ( ! .-'    
Nothing unused to uninstall
 _______________________________
/ Orphaned flatpak runtimes and \
\ extensions removed            /
 -------------------------------
          \           \  / 
           \           \/  
               (__)    /\         
               (oo)   O  O        
               _\/_   //         
         *    (    ) //       
          \  (\\    //       
           \(  \\    )                              
            (   \\   )   /\                          
  ___[\______/^^^^^^^\__/) o-)__                     
 |\__[=======______//________)__\                    
 \|_______________//____________|                    
     |||      || //||     |||
     |||      || @.||     |||                        
      ||      \/  .\/      ||                        
                 . .                                 
                '.'.`                                

            COW-OPERATION                           
 ____________________________________
< Removing orphaned snap packages... >
 ------------------------------------
  \
   \
       ___  
     {~._.~}
      ( Y )
     ()~*~()   
     (_)-(_)   
 ________________________________
< Orphaned snap packages removed >
 --------------------------------
   \
    \  .——————.
      .———.    \
     (     )   +——\
      `———´    |  |
      |        |  |
      |   __   +——/
      \__/  \__/
 ___________________________________
< Removing orphaned dnf packages... >
 -----------------------------------
        \    ,-^-.
         \   !oYo!
          \ /./=\.\______
               ##        )\/\
                ||-----w||
                ||      ||

               Cowth Vader
Nothing to do.
 ________________________________________
/ Orphaned dnf packages removed. Cleanup \
\ successful!                            /
 ----------------------------------------
     \
      \
       ("`-'  '-/") .___..--' ' "`-._
         ` *_ *  )    `-.   (      ) .`-.__. `)
         (_Y_.) ' ._   )   `._` ;  `` -. .-'
      _.. `--'_..-_/   /--' _ .' ,4
   ( i l ),-''  ( l i),'  ( ( ! .-'    
 ________________________________________
< All tasks completed! Enjoy your setup! >
 ----------------------------------------
          \
           \
            \          __---__
                    _-       /--______
               __--( /     \ )XXXXXXXXXXX\v.
             .-XXX(   O   O  )XXXXXXXXXXXXXXX-
            /XXX(       U     )        XXXXXXX\
          /XXXXX(              )--_  XXXXXXXXXXX\
         /XXXXX/ (      O     )   XXXXXX   \XXXXX\
         XXXXX/   /            XXXXXX   \__ \XXXXX
         XXXXXX__/          XXXXXX         \__---->
 ---___  XXX__/          XXXXXX      \__         /
   \-  --__/   ___/\  XXXXXX            /  ___--/=
    \-\    ___/    XXXXXX              '--- XXXXXX
       \-\/XXX\ XXXXXX                      /XXXXX
         \XXXXXXXXX   \                    /XXXXX/
          \XXXXXX      >                 _/XXXXX/
            \XXXXX--__/              __-- XXXX/
             -XXXXXXXX---------------  XXXXXX-
                \XXXXXXXXXXXXXXXXXXXXXXXXXX/
                  ""VXXXXXXXXXXXXXXXXXXV""
